<?xml version="1.0" encoding="UTF-8"?>
<testsuite xmlns:xsi="http://www.w3.org/2001/XMLSchema-instance" xsi:noNamespaceSchemaLocation="https://maven.apache.org/surefire/maven-surefire-plugin/xsd/surefire-test-report-3.0.xsd" version="3.0" name="com.example.codesys.service.impl.HybridRecommendationServiceImplOptionATest" time="0.099" tests="10" errors="0" skipped="0" failures="0">
  <properties>
[...]
</properties>
  <testcase name="extractJsonFromModelContent_stripsJsonFence" classname="com.example.codesys.service.impl.HybridRecommendationServiceImplOptionATest" time="0.003"/>
  <testcase name="extractJsonFromModelContent_leavesRawJson" classname="com.example.codesys.service.impl.HybridRecommendationServiceImplOptionATest" time="0.0"/>
  <testcase name="parseModelingAiResponse_toleratesMissingOptionalFields" classname="com.example.codesys.service.impl.HybridRecommendationServiceImplOptionATest" time="0.085"/>
  <testcase name="normalizeMode_keepsProvidedMode" classname="com.example.codesys.service.impl.HybridRecommendationServiceImplOptionATest" time="0.001"/>
  <testcase name="shouldInvokeAiFallback_whenAiDisabled_returnsFalse" classname="com.example.codesys.service.impl.HybridRecommendationServiceImplOptionATest" time="0.002"/>
  <testcase name="normalizeMode_defaultsToBothWhenNull" classname="com.example.codesys.service.impl.HybridRecommendationServiceImplOptionATest" time="0.001"/>
  <testcase name="shouldInvokeAiFallback_whenUnmatchedIsEmptyButAdditionalPoolExists" classname="com.example.codesys.service.impl.HybridRecommendationServiceImplOptionATest" time="0.002"/>
  <testcase name="shouldInvokeAiFallback_modeling_whenOnlyMatchedIdsExist" classname="com.example.codesys.service.impl.HybridRecommendationServiceImplOptionATest" time="0.001"/>
  <testcase name="shouldInvokeAiFallback_whenFallbackDisabled_returnsFalse" classname="com.example.codesys.service.impl.HybridRecommendationServiceImplOptionATest" time="0.002"/>
  <testcase name="shouldInvokeAiFallback_modeling_whenSourceTermsExistEvenIfPoolEmpty" classname="com.example.codesys.service.impl.HybridRecommendationServiceImplOptionATest" time="0.001"/>
</testsuite>